[CONFIG] GridSize=11 | BudgetJ1=1000 | BudgetJ2=100 | StrategieJ1=RAVE | StrategieJ2=RAVE | Starting=BLEU | nbGames=30
Bilan => J1=27 WIN | J2=3 WIN [Grid=11, b1=1000, b2=100, StrategieJ1=RAVE, StrategieJ2=RAVE, start=BLEU]

[CONFIG] GridSize=11 | BudgetJ1=1000 | BudgetJ2=100 | StrategieJ1=RAVE | StrategieJ2=MCTS | Starting=BLEU | nbGames=30
Bilan => J1=30 WIN | J2=0 WIN [Grid=11, b1=1000, b2=100, StrategieJ1=RAVE, StrategieJ2=MCTS, start=BLEU]

[CONFIG] GridSize=11 | BudgetJ1=1000 | BudgetJ2=100 | StrategieJ1=MCTS | StrategieJ2=RAVE | Starting=BLEU | nbGames=30
Bilan => J1=20 WIN | J2=10 WIN [Grid=11, b1=1000, b2=100, StrategieJ1=MCTS, StrategieJ2=RAVE, start=BLEU]

[CONFIG] GridSize=11 | BudgetJ1=1000 | BudgetJ2=100 | StrategieJ1=MCTS | StrategieJ2=MCTS | Starting=BLEU | nbGames=30
Bilan => J1=30 WIN | J2=0 WIN [Grid=11, b1=1000, b2=100, StrategieJ1=MCTS, StrategieJ2=MCTS, start=BLEU]

[CONFIG] GridSize=11 | BudgetJ1=1000 | BudgetJ2=100 | StrategieJ1=RAVE | StrategieJ2=RAVE | Starting=ROUGE | nbGames=30
Bilan => J1=26 WIN | J2=4 WIN [Grid=11, b1=1000, b2=100, StrategieJ1=RAVE, StrategieJ2=RAVE, start=ROUGE]

[CONFIG] GridSize=11 | BudgetJ1=1000 | BudgetJ2=100 | StrategieJ1=RAVE | StrategieJ2=MCTS | Starting=ROUGE | nbGames=30
Bilan => J1=30 WIN | J2=0 WIN [Grid=11, b1=1000, b2=100, StrategieJ1=RAVE, StrategieJ2=MCTS, start=ROUGE]

[CONFIG] GridSize=11 | BudgetJ1=1000 | BudgetJ2=100 | StrategieJ1=MCTS | StrategieJ2=RAVE | Starting=ROUGE | nbGames=30
Bilan => J1=25 WIN | J2=5 WIN [Grid=11, b1=1000, b2=100, StrategieJ1=MCTS, StrategieJ2=RAVE, start=ROUGE]

[CONFIG] GridSize=11 | BudgetJ1=1000 | BudgetJ2=100 | StrategieJ1=MCTS | StrategieJ2=MCTS | Starting=ROUGE | nbGames=30
Bilan => J1=30 WIN | J2=0 WIN [Grid=11, b1=1000, b2=100, StrategieJ1=MCTS, StrategieJ2=MCTS, start=ROUGE]

[CONFIG] GridSize=11 | BudgetJ1=1000 | BudgetJ2=250 | StrategieJ1=RAVE | StrategieJ2=RAVE | Starting=BLEU | nbGames=30
Bilan => J1=20 WIN | J2=10 WIN [Grid=11, b1=1000, b2=250, StrategieJ1=RAVE, StrategieJ2=RAVE, start=BLEU]

[CONFIG] GridSize=11 | BudgetJ1=1000 | BudgetJ2=250 | StrategieJ1=RAVE | StrategieJ2=MCTS | Starting=BLEU | nbGames=30
Bilan => J1=30 WIN | J2=0 WIN [Grid=11, b1=1000, b2=250, StrategieJ1=RAVE, StrategieJ2=MCTS, start=BLEU]

[CONFIG] GridSize=11 | BudgetJ1=1000 | BudgetJ2=250 | StrategieJ1=MCTS | StrategieJ2=RAVE | Starting=BLEU | nbGames=30
Bilan => J1=12 WIN | J2=18 WIN [Grid=11, b1=1000, b2=250, StrategieJ1=MCTS, StrategieJ2=RAVE, start=BLEU]

[CONFIG] GridSize=11 | BudgetJ1=1000 | BudgetJ2=250 | StrategieJ1=MCTS | StrategieJ2=MCTS | Starting=BLEU | nbGames=30
Bilan => J1=29 WIN | J2=1 WIN [Grid=11, b1=1000, b2=250, StrategieJ1=MCTS, StrategieJ2=MCTS, start=BLEU]

[CONFIG] GridSize=11 | BudgetJ1=1000 | BudgetJ2=250 | StrategieJ1=RAVE | StrategieJ2=RAVE | Starting=ROUGE | nbGames=30
Bilan => J1=18 WIN | J2=12 WIN [Grid=11, b1=1000, b2=250, StrategieJ1=RAVE, StrategieJ2=RAVE, start=ROUGE]

[CONFIG] GridSize=11 | BudgetJ1=1000 | BudgetJ2=250 | StrategieJ1=RAVE | StrategieJ2=MCTS | Starting=ROUGE | nbGames=30
Bilan => J1=30 WIN | J2=0 WIN [Grid=11, b1=1000, b2=250, StrategieJ1=RAVE, StrategieJ2=MCTS, start=ROUGE]

[CONFIG] GridSize=11 | BudgetJ1=1000 | BudgetJ2=250 | StrategieJ1=MCTS | StrategieJ2=RAVE | Starting=ROUGE | nbGames=30
Bilan => J1=11 WIN | J2=19 WIN [Grid=11, b1=1000, b2=250, StrategieJ1=MCTS, StrategieJ2=RAVE, start=ROUGE]

[CONFIG] GridSize=11 | BudgetJ1=1000 | BudgetJ2=250 | StrategieJ1=MCTS | StrategieJ2=MCTS | Starting=ROUGE | nbGames=30
Bilan => J1=30 WIN | J2=0 WIN [Grid=11, b1=1000, b2=250, StrategieJ1=MCTS, StrategieJ2=MCTS, start=ROUGE]

[CONFIG] GridSize=11 | BudgetJ1=1000 | BudgetJ2=500 | StrategieJ1=RAVE | StrategieJ2=RAVE | Starting=BLEU | nbGames=30
Bilan => J1=23 WIN | J2=7 WIN [Grid=11, b1=1000, b2=500, StrategieJ1=RAVE, StrategieJ2=RAVE, start=BLEU]

[CONFIG] GridSize=11 | BudgetJ1=1000 | BudgetJ2=500 | StrategieJ1=RAVE | StrategieJ2=MCTS | Starting=BLEU | nbGames=30
Bilan => J1=29 WIN | J2=1 WIN [Grid=11, b1=1000, b2=500, StrategieJ1=RAVE, StrategieJ2=MCTS, start=BLEU]

[CONFIG] GridSize=11 | BudgetJ1=1000 | BudgetJ2=500 | StrategieJ1=MCTS | StrategieJ2=RAVE | Starting=BLEU | nbGames=30
Bilan => J1=7 WIN | J2=23 WIN [Grid=11, b1=1000, b2=500, StrategieJ1=MCTS, StrategieJ2=RAVE, start=BLEU]

[CONFIG] GridSize=11 | BudgetJ1=1000 | BudgetJ2=500 | StrategieJ1=MCTS | StrategieJ2=MCTS | Starting=BLEU | nbGames=30
Bilan => J1=22 WIN | J2=8 WIN [Grid=11, b1=1000, b2=500, StrategieJ1=MCTS, StrategieJ2=MCTS, start=BLEU]

[CONFIG] GridSize=11 | BudgetJ1=1000 | BudgetJ2=500 | StrategieJ1=RAVE | StrategieJ2=RAVE | Starting=ROUGE | nbGames=30
Bilan => J1=16 WIN | J2=14 WIN [Grid=11, b1=1000, b2=500, StrategieJ1=RAVE, StrategieJ2=RAVE, start=ROUGE]

[CONFIG] GridSize=11 | BudgetJ1=1000 | BudgetJ2=500 | StrategieJ1=RAVE | StrategieJ2=MCTS | Starting=ROUGE | nbGames=30
Bilan => J1=29 WIN | J2=1 WIN [Grid=11, b1=1000, b2=500, StrategieJ1=RAVE, StrategieJ2=MCTS, start=ROUGE]

[CONFIG] GridSize=11 | BudgetJ1=1000 | BudgetJ2=500 | StrategieJ1=MCTS | StrategieJ2=RAVE | Starting=ROUGE | nbGames=30
Bilan => J1=3 WIN | J2=27 WIN [Grid=11, b1=1000, b2=500, StrategieJ1=MCTS, StrategieJ2=RAVE, start=ROUGE]

[CONFIG] GridSize=11 | BudgetJ1=1000 | BudgetJ2=500 | StrategieJ1=MCTS | StrategieJ2=MCTS | Starting=ROUGE | nbGames=30
Bilan => J1=26 WIN | J2=4 WIN [Grid=11, b1=1000, b2=500, StrategieJ1=MCTS, StrategieJ2=MCTS, start=ROUGE]

[CONFIG] GridSize=11 | BudgetJ1=1000 | BudgetJ2=1000 | StrategieJ1=RAVE | StrategieJ2=RAVE | Starting=BLEU | nbGames=30
Bilan => J1=15 WIN | J2=15 WIN [Grid=11, b1=1000, b2=1000, StrategieJ1=RAVE, StrategieJ2=RAVE, start=BLEU]

[CONFIG] GridSize=11 | BudgetJ1=1000 | BudgetJ2=1000 | StrategieJ1=RAVE | StrategieJ2=MCTS | Starting=BLEU | nbGames=30
Bilan => J1=22 WIN | J2=8 WIN [Grid=11, b1=1000, b2=1000, StrategieJ1=RAVE, StrategieJ2=MCTS, start=BLEU]

[CONFIG] GridSize=11 | BudgetJ1=1000 | BudgetJ2=1000 | StrategieJ1=MCTS | StrategieJ2=RAVE | Starting=BLEU | nbGames=30
Bilan => J1=6 WIN | J2=24 WIN [Grid=11, b1=1000, b2=1000, StrategieJ1=MCTS, StrategieJ2=RAVE, start=BLEU]

[CONFIG] GridSize=11 | BudgetJ1=1000 | BudgetJ2=1000 | StrategieJ1=MCTS | StrategieJ2=MCTS | Starting=BLEU | nbGames=30
Bilan => J1=15 WIN | J2=15 WIN [Grid=11, b1=1000, b2=1000, StrategieJ1=MCTS, StrategieJ2=MCTS, start=BLEU]

[CONFIG] GridSize=11 | BudgetJ1=1000 | BudgetJ2=1000 | StrategieJ1=RAVE | StrategieJ2=RAVE | Starting=ROUGE | nbGames=30
Bilan => J1=15 WIN | J2=15 WIN [Grid=11, b1=1000, b2=1000, StrategieJ1=RAVE, StrategieJ2=RAVE, start=ROUGE]

[CONFIG] GridSize=11 | BudgetJ1=1000 | BudgetJ2=1000 | StrategieJ1=RAVE | StrategieJ2=MCTS | Starting=ROUGE | nbGames=30
Bilan => J1=25 WIN | J2=5 WIN [Grid=11, b1=1000, b2=1000, StrategieJ1=RAVE, StrategieJ2=MCTS, start=ROUGE]

[CONFIG] GridSize=11 | BudgetJ1=1000 | BudgetJ2=1000 | StrategieJ1=MCTS | StrategieJ2=RAVE | Starting=ROUGE | nbGames=30
Bilan => J1=6 WIN | J2=24 WIN [Grid=11, b1=1000, b2=1000, StrategieJ1=MCTS, StrategieJ2=RAVE, start=ROUGE]

[CONFIG] GridSize=11 | BudgetJ1=1000 | BudgetJ2=1000 | StrategieJ1=MCTS | StrategieJ2=MCTS | Starting=ROUGE | nbGames=30
Bilan => J1=11 WIN | J2=19 WIN [Grid=11, b1=1000, b2=1000, StrategieJ1=MCTS, StrategieJ2=MCTS, start=ROUGE]

